;/////////////////////////////////////////////////////////////////////////////////
;// Code Generator: BoostC Compiler - http://www.sourceboost.com
;// Version       : 7.20
;// License Type  : Pro License
;// Limitations   : PIC12,PIC16 max code size:Unlimited, max RAM banks:Unlimited
;/////////////////////////////////////////////////////////////////////////////////

	ORG 0x00000000
0000  2887  	GOTO	_startup
	ORG 0x00000004
0004  00FF  	MOVWF Int1Context
0005  0E03  	SWAPF STATUS, W
0006  1283  	BCF STATUS, RP0
0007  1303  	BCF STATUS, RP1
0008  00A0  	MOVWF Int1BContext
0009  0E0A  	SWAPF PCLATH, W
000A  00A1  	MOVWF Int1BContext+D'1'
000B  0E04  	SWAPF FSR, W
000C  00A2  	MOVWF Int1BContext+D'2'
000D  118A  	BCF PCLATH,3
000E  120A  	BCF PCLATH,4
000F  288A  	GOTO	interrupt
	ORG 0x00000010
0010        delay_ms_00000
0010        ; { delay_ms ; function begin
0010  08A6  	MOVF delay_ms_00000_arg_del, F
0011  1D03  	BTFSS STATUS,Z
0012  2814  	GOTO	label1
0013  0008  	RETURN
0014        label1
0014  3099  	MOVLW 0x99
0015        label2
0015  0000  	NOP
0016  0000  	NOP
0017  3EFF  	ADDLW 0xFF
0018  1D03  	BTFSS STATUS,Z
0019  2815  	GOTO	label2
001A  0000  	NOP
001B  0BA6  	DECFSZ delay_ms_00000_arg_del, F
001C  2814  	GOTO	label1
001D  0008  	RETURN
001E        ; } delay_ms function end

	ORG 0x0000001E
001E        delay_s_00000
001E        ; { delay_s ; function begin
001E        label3
001E  30FA  	MOVLW 0xFA
001F  00A6  	MOVWF delay_ms_00000_arg_del
0020  2010  	CALL delay_ms_00000
0021  30FA  	MOVLW 0xFA
0022  00A6  	MOVWF delay_ms_00000_arg_del
0023  2010  	CALL delay_ms_00000
0024  30FA  	MOVLW 0xFA
0025  00A6  	MOVWF delay_ms_00000_arg_del
0026  2010  	CALL delay_ms_00000
0027  30FA  	MOVLW 0xFA
0028  00A6  	MOVWF delay_ms_00000_arg_del
0029  2010  	CALL delay_ms_00000
002A  0BA5  	DECFSZ delay_s_00000_arg_del, F
002B  281E  	GOTO	label3
002C  0008  	RETURN
002D        ; } delay_s function end

	ORG 0x0000002D
002D        UARTReadBy_00011
002D        ; { UARTReadByte ; function begin
002D        label4
002D  1283  	BCF STATUS, RP0
002E  1303  	BCF STATUS, RP1
002F  1E8C  	BTFSS gbl_pir1,5
0030  282D  	GOTO	label4
0031  081A  	MOVF gbl_rcreg, W
0032  00AA  	MOVWF CompTempVarRet604
0033  0008  	RETURN
0034        ; } UARTReadByte function end

	ORG 0x00000034
0034        UARTWriteB_00012
0034        ; { UARTWriteByte ; function begin
0034        label5
0034  1E0C  	BTFSS gbl_pir1,4
0035  2834  	GOTO	label5
0036  0825  	MOVF UARTWriteB_00012_arg_Byte, W
0037  0099  	MOVWF gbl_txreg
0038  0008  	RETURN
0039        ; } UARTWriteByte function end

	ORG 0x00000039
0039        UARTInit_00000
0039        ; { UARTInit ; function begin
0039  1683  	BSF STATUS, RP0
003A  1787  	BSF gbl_trisc,7
003B  1707  	BSF gbl_trisc,6
003C  1283  	BCF STATUS, RP0
003D  0825  	MOVF UARTInit_00000_arg_Baud_Rate, W
003E  1683  	BSF STATUS, RP0
003F  0099  	MOVWF gbl_spbrg
0040  3026  	MOVLW 0x26
0041  0098  	MOVWF gbl_txsta
0042  3090  	MOVLW 0x90
0043  1283  	BCF STATUS, RP0
0044  0098  	MOVWF gbl_rcsta
0045  0008  	RETURN
0046        ; } UARTInit function end

	ORG 0x00000046
0046        ADCReadWor_00013
0046        ; { ADCReadWord ; function begin
0046  1283  	BCF STATUS, RP0
0047  1303  	BCF STATUS, RP1
0048  151F  	BSF gbl_adcon0,2
0049        label6
0049  191F  	BTFSC gbl_adcon0,2
004A  2849  	GOTO	label6
004B  01A6  	CLRF CompTempVarRet597
004C  081E  	MOVF gbl_adresh, W
004D  00A5  	MOVWF CompTempVar603
004E  3000  	MOVLW 0x00
004F  05A6  	ANDWF CompTempVarRet597, F
0050  0825  	MOVF CompTempVar603, W
0051  39FF  	ANDLW 0xFF
0052  00A7  	MOVWF CompTempVarRet597+D'1'
0053  1683  	BSF STATUS, RP0
0054  081E  	MOVF gbl_adresl, W
0055  1283  	BCF STATUS, RP0
0056  04A6  	IORWF CompTempVarRet597, F
0057  0008  	RETURN
0058        ; } ADCReadWord function end

	ORG 0x00000058
0058        ADCInit_00000
0058        ; { ADCInit ; function begin
0058  1683  	BSF STATUS, RP0
0059  1303  	BCF STATUS, RP1
005A  1405  	BSF gbl_trisa,0
005B  308E  	MOVLW 0x8E
005C  009F  	MOVWF gbl_adcon1
005D  3041  	MOVLW 0x41
005E  1283  	BCF STATUS, RP0
005F  009F  	MOVWF gbl_adcon0
0060  0008  	RETURN
0061        ; } ADCInit function end

	ORG 0x00000061
0061        main
0061        ; { main ; function begin
0061  1683  	BSF STATUS, RP0
0062  1303  	BCF STATUS, RP1
0063  0186  	CLRF gbl_trisb
0064  3001  	MOVLW 0x01
0065  1283  	BCF STATUS, RP0
0066  00A5  	MOVWF UARTInit_00000_arg_Baud_Rate
0067  2039  	CALL UARTInit_00000
0068  2058  	CALL ADCInit_00000
0069  1386  	BCF gbl_portb,7
006A  2046  	CALL ADCReadWor_00013
006B  2046  	CALL ADCReadWor_00013
006C        label7
006C  202D  	CALL UARTReadBy_00011
006D  082A  	MOVF CompTempVarRet604, W
006E  3ACA  	XORLW 0xCA
006F  1D03  	BTFSS STATUS,Z
0070  286C  	GOTO	label7
0071  30C0  	MOVLW 0xC0
0072  008B  	MOVWF gbl_intcon
0073        label8
0073  1683  	BSF STATUS, RP0
0074  128C  	BCF gbl_pie1,5
0075  2046  	CALL ADCReadWor_00013
0076  0826  	MOVF CompTempVarRet597, W
0077  00A3  	MOVWF gbl_Battery_Voltage
0078  0827  	MOVF CompTempVarRet597+D'1', W
0079  00A4  	MOVWF gbl_Battery_Voltage+D'1'
007A  1683  	BSF STATUS, RP0
007B  168C  	BSF gbl_pie1,5
007C  3001  	MOVLW 0x01
007D  1283  	BCF STATUS, RP0
007E  00A5  	MOVWF delay_s_00000_arg_del
007F  201E  	CALL delay_s_00000
0080  0824  	MOVF gbl_Battery_Voltage+D'1', W
0081  00A5  	MOVWF UARTWriteB_00012_arg_Byte
0082  2034  	CALL UARTWriteB_00012
0083  0823  	MOVF gbl_Battery_Voltage, W
0084  00A5  	MOVWF UARTWriteB_00012_arg_Byte
0085  2034  	CALL UARTWriteB_00012
0086  2873  	GOTO	label8
0087        ; } main function end

	ORG 0x00000087
0087        _startup
0087  118A  	BCF PCLATH,3
0088  120A  	BCF PCLATH,4
0089  2861  	GOTO	main
	ORG 0x0000008A
008A        interrupt
008A        ; { interrupt ; function begin
008A  1283  	BCF STATUS, RP0
008B  1303  	BCF STATUS, RP1
008C  1E8C  	BTFSS gbl_pir1,5
008D  28A0  	GOTO	label12
008E  202D  	CALL UARTReadBy_00011
008F  082A  	MOVF CompTempVarRet604, W
0090  00A8  	MOVWF interrupt_1_Command
0091  30C0  	MOVLW 0xC0
0092  0528  	ANDWF interrupt_1_Command, W
0093  00A9  	MOVWF CompTempVar605
0094  0829  	MOVF CompTempVar605, W
0095  3A40  	XORLW 0x40
0096  1D03  	BTFSS STATUS,Z
0097  289F  	GOTO	label11
0098  3028  	MOVLW 0x28
0099  0528  	ANDWF interrupt_1_Command, W
009A  1903  	BTFSC STATUS,Z
009B  289E  	GOTO	label10
009C  1786  	BSF gbl_portb,7
009D  289F  	GOTO	label11
009E        label10
009E  1386  	BCF gbl_portb,7
009F        label11
009F  128C  	BCF gbl_pir1,5
00A0        label12
00A0  0E22  	SWAPF Int1BContext+D'2', W
00A1  0084  	MOVWF FSR
00A2  0E21  	SWAPF Int1BContext+D'1', W
00A3  008A  	MOVWF PCLATH
00A4  0E20  	SWAPF Int1BContext, W
00A5  0083  	MOVWF STATUS
00A6  0EFF  	SWAPF Int1Context, F
00A7  0E7F  	SWAPF Int1Context, W
00A8  0009  	RETFIE
00A9        ; } interrupt function end

	ORG 0x00002007
2007  3F71  	DW 0x3F71
